-------------------------------------------------------------------------------
Test set: com.junittest2.java.RecordDatabaseTest
-------------------------------------------------------------------------------
Tests run: 1, Failures: 0, Errors: 1, Skipped: 0, Time elapsed: 0.417 s <<< FAILURE! - in com.junittest2.java.RecordDatabaseTest
com.junittest2.java.RecordDatabaseTest.testSave  Time elapsed: 0.409 s  <<< ERROR!
org.mockito.exceptions.misusing.UnnecessaryStubbingException: 

Unnecessary stubbings detected.
Clean & maintainable test code requires zero unnecessary code.
Following stubbings are unnecessary (click to navigate to relevant line of code):
  1. -> at com.junittest2.java.RecordDatabaseTest.testSave(RecordDatabaseTest.java:40)
Please remove unnecessary stubbings or use 'lenient' strictness. More info: javadoc for UnnecessaryStubbingException class.

